# JRE version: OpenJDK Runtime Environment Microsoft-10800295 (17.0.14+7) (build 17.0.14+7-LTS)
# Java VM: OpenJDK 64-Bit Server VM Microsoft-10800295 (17.0.14+7-LTS, mixed mode, sharing, tiered, compressed oops, compressed class ptrs, g1 gc, windows-amd64)
GC Precious Log:
 CPUs: 8 total, 8 available
 Memory: 7932M
 Large Page Support: Disabled
 NUMA Support: Disabled
 Compressed Oops: Enabled (Zero based)
 Heap Region Size: 2M
 Heap Min Capacity: 8M
 Heap Initial Capacity: 124M
 Heap Max Capacity: 4G
 Pre-touch: Disabled
 Parallel Workers: 8
 Concurrent Workers: 2
 Concurrent Refinement Workers: 8
 Periodic GC: Disabled
Heap:
 garbage-first heap   total 106496K, used 78434K [0x0000000700000000, 0x0000000800000000)
  region size 2048K, 13 young (26624K), 2 survivors (4096K)
 Metaspace       used 59318K, committed 59904K, reserved 491520K
  class space    used 8347K, committed 8640K, reserved 425984K
GC Heap History (20 events):
Event: 11.575 GC heap before
{Heap before GC invocations=8 (full 0):
 garbage-first heap   total 102400K, used 38744K [0x0000000700000000, 0x0000000800000000)
  region size 2048K, 8 young (16384K), 4 survivors (8192K)
 Metaspace       used 35684K, committed 36096K, reserved 491520K
  class space    used 4964K, committed 5184K, reserved 425984K
}
Event: 11.583 GC heap after
{Heap after GC invocations=9 (full 0):
 garbage-first heap   total 102400K, used 33024K [0x0000000700000000, 0x0000000800000000)
  region size 2048K, 3 young (6144K), 3 survivors (6144K)
 Metaspace       used 35684K, committed 36096K, reserved 491520K
  class space    used 4964K, committed 5184K, reserved 425984K
}
Event: 12.291 GC heap before
{Heap before GC invocations=10 (full 0):
 garbage-first heap   total 102400K, used 78080K [0x0000000700000000, 0x0000000800000000)
  region size 2048K, 25 young (51200K), 3 survivors (6144K)
 Metaspace       used 37928K, committed 38464K, reserved 491520K
  class space    used 5314K, committed 5568K, reserved 425984K
}
Event: 12.297 GC heap after
{Heap after GC invocations=11 (full 0):
 garbage-first heap   total 102400K, used 34541K [0x0000000700000000, 0x0000000800000000)
  region size 2048K, 3 young (6144K), 3 survivors (6144K)
 Metaspace       used 37928K, committed 38464K, reserved 491520K
  class space    used 5314K, committed 5568K, reserved 425984K
}
Event: 12.349 GC heap before
{Heap before GC invocations=11 (full 0):
 garbage-first heap   total 102400K, used 36589K [0x0000000700000000, 0x0000000800000000)
  region size 2048K, 4 young (8192K), 3 survivors (6144K)
 Metaspace       used 38171K, committed 38656K, reserved 491520K
  class space    used 5345K, committed 5568K, reserved 425984K
}
Event: 12.356 GC heap after
{Heap after GC invocations=12 (full 0):
 garbage-first heap   total 102400K, used 34250K [0x0000000700000000, 0x0000000800000000)
  region size 2048K, 1 young (2048K), 1 survivors (2048K)
 Metaspace       used 38171K, committed 38656K, reserved 491520K
  class space    used 5345K, committed 5568K, reserved 425984K
}
Event: 13.264 GC heap before
{Heap before GC invocations=12 (full 0):
 garbage-first heap   total 102400K, used 77258K [0x0000000700000000, 0x0000000800000000)
  region size 2048K, 22 young (45056K), 1 survivors (2048K)
 Metaspace       used 42197K, committed 42752K, reserved 491520K
  class space    used 6021K, committed 6272K, reserved 425984K
}
Event: 13.268 GC heap after
{Heap after GC invocations=13 (full 0):
 garbage-first heap   total 102400K, used 35476K [0x0000000700000000, 0x0000000800000000)
  region size 2048K, 2 young (4096K), 2 survivors (4096K)
 Metaspace       used 42197K, committed 42752K, reserved 491520K
  class space    used 6021K, committed 6272K, reserved 425984K
}
Event: 14.064 GC heap before
{Heap before GC invocations=13 (full 0):
 garbage-first heap   total 102400K, used 76436K [0x0000000700000000, 0x0000000800000000)
  region size 2048K, 23 young (47104K), 2 survivors (4096K)
 Metaspace       used 47031K, committed 47616K, reserved 491520K
  class space    used 6580K, committed 6848K, reserved 425984K
}
Event: 14.069 GC heap after
{Heap after GC invocations=14 (full 0):
 garbage-first heap   total 102400K, used 37511K [0x0000000700000000, 0x0000000800000000)
  region size 2048K, 3 young (6144K), 3 survivors (6144K)
 Metaspace       used 47031K, committed 47616K, reserved 491520K
  class space    used 6580K, committed 6848K, reserved 425984K
}
Event: 16.463 GC heap before
{Heap before GC invocations=14 (full 0):
 garbage-first heap   total 102400K, used 78471K [0x0000000700000000, 0x0000000800000000)
  region size 2048K, 23 young (47104K), 3 survivors (6144K)
 Metaspace       used 51424K, committed 52032K, reserved 491520K
  class space    used 7286K, committed 7552K, reserved 425984K
}
Event: 16.470 GC heap after
{Heap after GC invocations=15 (full 0):
 garbage-first heap   total 102400K, used 40419K [0x0000000700000000, 0x0000000800000000)
  region size 2048K, 3 young (6144K), 3 survivors (6144K)
 Metaspace       used 51424K, committed 52032K, reserved 491520K
  class space    used 7286K, committed 7552K, reserved 425984K
}
Event: 18.426 GC heap before
{Heap before GC invocations=15 (full 0):
 garbage-first heap   total 102400K, used 79331K [0x0000000700000000, 0x0000000800000000)
  region size 2048K, 22 young (45056K), 3 survivors (6144K)
 Metaspace       used 52808K, committed 53440K, reserved 491520K
  class space    used 7416K, committed 7680K, reserved 425984K
}
Event: 18.437 GC heap after
{Heap after GC invocations=16 (full 0):
 garbage-first heap   total 102400K, used 44418K [0x0000000700000000, 0x0000000800000000)
  region size 2048K, 3 young (6144K), 3 survivors (6144K)
 Metaspace       used 52808K, committed 53440K, reserved 491520K
  class space    used 7416K, committed 7680K, reserved 425984K
}
Event: 18.805 GC heap before
{Heap before GC invocations=16 (full 0):
 garbage-first heap   total 102400K, used 56706K [0x0000000700000000, 0x0000000800000000)
  region size 2048K, 8 young (16384K), 3 survivors (6144K)
 Metaspace       used 53250K, committed 53888K, reserved 491520K
  class space    used 7476K, committed 7808K, reserved 425984K
}
Event: 18.812 GC heap after
{Heap after GC invocations=17 (full 0):
 garbage-first heap   total 102400K, used 53652K [0x0000000700000000, 0x0000000800000000)
  region size 2048K, 2 young (4096K), 2 survivors (4096K)
 Metaspace       used 53250K, committed 53888K, reserved 491520K
  class space    used 7476K, committed 7808K, reserved 425984K
}
Event: 19.829 GC heap before
{Heap before GC invocations=18 (full 0):
 garbage-first heap   total 102400K, used 82324K [0x0000000700000000, 0x0000000800000000)
  region size 2048K, 15 young (30720K), 2 survivors (4096K)
 Metaspace       used 55841K, committed 56512K, reserved 491520K
  class space    used 7850K, committed 8192K, reserved 425984K
}
Event: 19.835 GC heap after
{Heap after GC invocations=19 (full 0):
 garbage-first heap   total 102400K, used 56682K [0x0000000700000000, 0x0000000800000000)
  region size 2048K, 1 young (2048K), 1 survivors (2048K)
 Metaspace       used 55841K, committed 56512K, reserved 491520K
  class space    used 7850K, committed 8192K, reserved 425984K
}
Event: 20.502 GC heap before
{Heap before GC invocations=19 (full 0):
 garbage-first heap   total 102400K, used 81258K [0x0000000700000000, 0x0000000800000000)
  region size 2048K, 14 young (28672K), 1 survivors (2048K)
 Metaspace       used 57608K, committed 58304K, reserved 491520K
  class space    used 8094K, committed 8448K, reserved 425984K
}
Event: 20.506 GC heap after
{Heap after GC invocations=20 (full 0):
 garbage-first heap   total 102400K, used 57954K [0x0000000700000000, 0x0000000800000000)
  region size 2048K, 2 young (4096K), 2 survivors (4096K)
 Metaspace       used 57608K, committed 58304K, reserved 491520K
  class space    used 8094K, committed 8448K, reserved 425984K
}

